
==> Input arguments...

Feature directory: ../../backup/tutorial_ismb/clade_11_fna_train_kf
Clades information: ../../backup/tutorial_ismb/train_tree/train_set.subtrees

==> Parameters...

GPU Support: Yes
Hidden Size fc1: 2048
Starting Epoch: 0
Total Epochs: 300
Batch Size: 16
Learning Rate: 1e-05
Learning Rate Min: 3e-06
Learning Rate Decay: 2000
Random Seed: 28
Masking: False

==> Preparing Data...

Dimensions of feature matrix rows: 675, cols: 8192
Number of Train Samples: 675

==> Building model...

Number of Classes: 8

==> Model parameters----------
Total parameters: 16795656
Trainable parameters: 16795656
Time: 00:01:01

==> Training model...

Epoch [1/300], Step [43/43], Train loss: 1.64798344841709853981, 0.40148148148148149472, Time: 00:01:03
Epoch 1	               LR:0.00001000000000000000
Epoch [2/300], Step [43/43], Train loss: 1.16801022247031882628, 0.63111111111111106720, Time: 00:01:05
Epoch 2	               LR:0.00001300000000000000
Epoch [3/300], Step [43/43], Train loss: 0.87637732081943087170, 0.76444444444444448195, Time: 00:01:06
Epoch 3	               LR:0.00001300000000000000
Epoch [4/300], Step [43/43], Train loss: 0.74071465545230441574, 0.78518518518518520821, Time: 00:01:07
Epoch 4	               LR:0.00001300000000000000
Epoch [5/300], Step [43/43], Train loss: 0.64535358568032585858, 0.82370370370370371571, Time: 00:01:08
Epoch 5	               LR:0.00001300000000000000
Epoch [6/300], Step [43/43], Train loss: 0.57382174933398211181, 0.85629629629629633314, Time: 00:01:10
Epoch 6	               LR:0.00001300000000000000
Epoch [7/300], Step [43/43], Train loss: 0.50426343418933727847, 0.86518518518518516824, Time: 00:01:11
Epoch 7	               LR:0.00001300000000000000
Epoch [8/300], Step [43/43], Train loss: 0.46363450200469408236, 0.88592592592592589451, Time: 00:01:12
Epoch 8	               LR:0.00001300000000000000
Epoch [9/300], Step [43/43], Train loss: 0.43745003241079827294, 0.89185185185185189560, Time: 00:01:13
Epoch 9	               LR:0.00001300000000000000
Epoch [10/300], Step [43/43], Train loss: 0.38070841093858082127, 0.90962962962962967683, Time: 00:01:14
Epoch 10	               LR:0.00001300000000000000
Epoch [11/300], Step [43/43], Train loss: 0.35795861590791633322, 0.91703703703703698391, Time: 00:01:15
Epoch 11	               LR:0.00001300000000000000
Epoch [12/300], Step [43/43], Train loss: 0.31985051331696684462, 0.92000000000000003997, Time: 00:01:17
Epoch 12	               LR:0.00001300000000000000
Epoch [13/300], Step [43/43], Train loss: 0.30934532483418780702, 0.93037037037037040310, Time: 00:01:18
Epoch 13	               LR:0.00001300000000000000
Epoch [14/300], Step [43/43], Train loss: 0.29387837153893930919, 0.93481481481481476514, Time: 00:01:19
Epoch 14	               LR:0.00001300000000000000
Epoch [15/300], Step [43/43], Train loss: 0.28802285610525696358, 0.93925925925925923821, Time: 00:01:21
Epoch 15	               LR:0.00001300000000000000
Epoch [16/300], Step [43/43], Train loss: 0.25468755761782330138, 0.95111111111111112937, Time: 00:01:22
Epoch 16	               LR:0.00001300000000000000
Epoch [17/300], Step [43/43], Train loss: 0.22334972334680733286, 0.95851851851851854747, Time: 00:01:23
Epoch 17	               LR:0.00001300000000000000
Epoch [18/300], Step [43/43], Train loss: 0.21094693404656869595, 0.95407407407407407440, Time: 00:01:25
Epoch 18	               LR:0.00001300000000000000
Epoch [19/300], Step [43/43], Train loss: 0.21292534856884567929, 0.95851851851851854747, Time: 00:01:25
Epoch 19	               LR:0.00001300000000000000
Epoch [20/300], Step [43/43], Train loss: 0.18252253739922136289, 0.97333333333333338366, Time: 00:01:26
Epoch 20	               LR:0.00001300000000000000
Epoch [21/300], Step [43/43], Train loss: 0.18073492032510263261, 0.97185185185185185563, Time: 00:01:27
Epoch 21	               LR:0.00001300000000000000
Epoch [22/300], Step [43/43], Train loss: 0.17236576083633634027, 0.96740740740740738257, Time: 00:01:28
Epoch 22	               LR:0.00001300000000000000
Epoch [23/300], Step [43/43], Train loss: 0.16154144920684673781, 0.98074074074074069074, Time: 00:01:29
Epoch 23	               LR:0.00001300000000000000
Epoch [24/300], Step [43/43], Train loss: 0.14868575939425715537, 0.98370370370370374680, Time: 00:01:30
Epoch 24	               LR:0.00001300000000000000
Epoch [25/300], Step [43/43], Train loss: 0.16436546837842022639, 0.97185185185185185563, Time: 00:01:30
Epoch 25	               LR:0.00001300000000000000
Epoch [26/300], Step [43/43], Train loss: 0.13893639762092518941, 0.97629629629629632870, Time: 00:01:32
Epoch 26	               LR:0.00001300000000000000
Epoch [27/300], Step [43/43], Train loss: 0.13559603403563852408, 0.97925925925925927373, Time: 00:01:33
Epoch 27	               LR:0.00001300000000000000
Epoch [28/300], Step [43/43], Train loss: 0.13092651597879551018, 0.98074074074074069074, Time: 00:01:34
Epoch 28	               LR:0.00001300000000000000
Epoch [29/300], Step [43/43], Train loss: 0.11534488572566597986, 0.98666666666666669183, Time: 00:01:35
Epoch 29	               LR:0.00001300000000000000
Epoch [30/300], Step [43/43], Train loss: 0.10612536942517315774, 0.98814814814814810884, Time: 00:01:36
Epoch 30	               LR:0.00001300000000000000
Epoch [31/300], Step [43/43], Train loss: 0.10938860359015288581, 0.98962962962962963687, Time: 00:01:36
Epoch 31	               LR:0.00001300000000000000
Epoch [32/300], Step [43/43], Train loss: 0.10795535186926523419, 0.99111111111111116490, Time: 00:01:37
Epoch 32	               LR:0.00001300000000000000
Epoch [33/300], Step [43/43], Train loss: 0.09338796725979557622, 0.98962962962962963687, Time: 00:01:38
Epoch 33	               LR:0.00001300000000000000
Epoch [34/300], Step [43/43], Train loss: 0.08813949942588805708, 0.99407407407407410993, Time: 00:01:39
Epoch 34	               LR:0.00001300000000000000
Epoch [35/300], Step [43/43], Train loss: 0.08448013239436678867, 0.99555555555555552694, Time: 00:01:40
Epoch 35	               LR:0.00001300000000000000
Epoch [36/300], Step [43/43], Train loss: 0.08148655178370299568, 0.99407407407407410993, Time: 00:01:41
Epoch 36	               LR:0.00001300000000000000
Epoch [37/300], Step [43/43], Train loss: 0.07967995501088875887, 0.99111111111111116490, Time: 00:01:43
Epoch 37	               LR:0.00001300000000000000
Epoch [38/300], Step [43/43], Train loss: 0.08299976888630125615, 0.99111111111111116490, Time: 00:01:43
Epoch 38	               LR:0.00001300000000000000
Epoch [39/300], Step [43/43], Train loss: 0.07366337615030783825, 0.99407407407407410993, Time: 00:01:44
Epoch 39	               LR:0.00001300000000000000
Epoch [40/300], Step [43/43], Train loss: 0.07161829339685263363, 0.99555555555555552694, Time: 00:01:46
Epoch 40	               LR:0.00001300000000000000
Epoch [41/300], Step [43/43], Train loss: 0.06634411172182472227, 0.99703703703703705497, Time: 00:01:47
Epoch 41	               LR:0.00001300000000000000
Epoch [42/300], Step [43/43], Train loss: 0.06401272429360284344, 0.99555555555555552694, Time: 00:01:48
Epoch 42	               LR:0.00001300000000000000
Epoch [43/300], Step [43/43], Train loss: 0.06084649239977200919, 0.99851851851851847197, Time: 00:01:49
Epoch 43	               LR:0.00001300000000000000
Epoch [44/300], Step [43/43], Train loss: 0.05849108836993022892, 0.99703703703703705497, Time: 00:01:51
Epoch 44	               LR:0.00001300000000000000
Epoch [45/300], Step [43/43], Train loss: 0.05687390221765747933, 0.99703703703703705497, Time: 00:01:52
Epoch 45	               LR:0.00001300000000000000
Epoch [46/300], Step [43/43], Train loss: 0.05446168816200008811, 0.99851851851851847197, Time: 00:01:53
Epoch 46	               LR:0.00001300000000000000
Epoch [47/300], Step [43/43], Train loss: 0.05316318124256751848, 0.99851851851851847197, Time: 00:01:54
Epoch 47	               LR:0.00001300000000000000
Epoch [48/300], Step [43/43], Train loss: 0.04837554329799281100, 1.00000000000000000000, Time: 00:01:55
Epoch 48	               LR:0.00001300000000000000
Epoch [49/300], Step [43/43], Train loss: 0.05444978853894604648, 0.99703703703703705497, Time: 00:01:55
Epoch 49	               LR:0.00001300000000000000
Epoch [50/300], Step [43/43], Train loss: 0.04442898518095413779, 0.99851851851851847197, Time: 00:01:56
Epoch 50	               LR:0.00001300000000000000
Epoch [51/300], Step [43/43], Train loss: 0.04724816211947688305, 0.99851851851851847197, Time: 00:01:57
Epoch 51	               LR:0.00001300000000000000
Epoch [52/300], Step [43/43], Train loss: 0.04565833209841339835, 0.99851851851851847197, Time: 00:01:57
Epoch 52	               LR:0.00001300000000000000
Epoch [53/300], Step [43/43], Train loss: 0.04117653048390315651, 0.99851851851851847197, Time: 00:01:58
Epoch 53	               LR:0.00001300000000000000
Epoch [54/300], Step [43/43], Train loss: 0.04112224446954550888, 1.00000000000000000000, Time: 00:01:59
Epoch 54	               LR:0.00001300000000000000
Epoch [55/300], Step [43/43], Train loss: 0.03846704419288370091, 0.99851851851851847197, Time: 00:02:01
Epoch 55	               LR:0.00001300000000000000
Epoch [56/300], Step [43/43], Train loss: 0.03495727482769224459, 1.00000000000000000000, Time: 00:02:02
Epoch 56	               LR:0.00001300000000000000
Epoch [57/300], Step [43/43], Train loss: 0.03458742303566800236, 1.00000000000000000000, Time: 00:02:03
Epoch 57	               LR:0.00001300000000000000
Epoch [58/300], Step [43/43], Train loss: 0.03689577488987533932, 0.99703703703703705497, Time: 00:02:04
Epoch 58	               LR:0.00001300000000000000
Epoch [59/300], Step [43/43], Train loss: 0.04064848070308842154, 0.99555555555555552694, Time: 00:02:04
Epoch 59	               LR:0.00001300000000000000
Epoch [60/300], Step [43/43], Train loss: 0.03276185917771524958, 1.00000000000000000000, Time: 00:02:05
Epoch 60	               LR:0.00001300000000000000
Epoch [61/300], Step [43/43], Train loss: 0.03086481939863275695, 1.00000000000000000000, Time: 00:02:06
Epoch 61	               LR:0.00001300000000000000
Epoch [62/300], Step [43/43], Train loss: 0.02955011165666359546, 0.99851851851851847197, Time: 00:02:07
Epoch 62	               LR:0.00001300000000000000
Epoch [63/300], Step [43/43], Train loss: 0.02731001957699104657, 1.00000000000000000000, Time: 00:02:08
Epoch 63	               LR:0.00001300000000000000
Epoch [64/300], Step [43/43], Train loss: 0.02777362139688597728, 0.99851851851851847197, Time: 00:02:09
Epoch 64	               LR:0.00001300000000000000
Epoch [65/300], Step [43/43], Train loss: 0.02720022679754981187, 0.99851851851851847197, Time: 00:02:10
Epoch 65	               LR:0.00001300000000000000
Epoch [66/300], Step [43/43], Train loss: 0.02569173914414864951, 1.00000000000000000000, Time: 00:02:11
Epoch 66	               LR:0.00001300000000000000
Epoch [67/300], Step [43/43], Train loss: 0.02475986987283384372, 1.00000000000000000000, Time: 00:02:12
Epoch 67	               LR:0.00001300000000000000
Epoch [68/300], Step [43/43], Train loss: 0.02544233242118800267, 0.99851851851851847197, Time: 00:02:13
Epoch 68	               LR:0.00001300000000000000
Epoch [69/300], Step [43/43], Train loss: 0.02290178490181763934, 1.00000000000000000000, Time: 00:02:14
Epoch 69	               LR:0.00001300000000000000
Epoch [70/300], Step [43/43], Train loss: 0.02239380875671351245, 0.99851851851851847197, Time: 00:02:15
Epoch 70	               LR:0.00001300000000000000
Epoch [71/300], Step [43/43], Train loss: 0.02315583074120459647, 1.00000000000000000000, Time: 00:02:16
Epoch 71	               LR:0.00001300000000000000
Epoch [72/300], Step [43/43], Train loss: 0.01989679702109208720, 0.99851851851851847197, Time: 00:02:17
Epoch 72	               LR:0.00001300000000000000
Epoch [73/300], Step [43/43], Train loss: 0.02125431045062012303, 1.00000000000000000000, Time: 00:02:17
Epoch 73	               LR:0.00001300000000000000
Epoch [74/300], Step [43/43], Train loss: 0.01908062963436047213, 1.00000000000000000000, Time: 00:02:18
Epoch 74	               LR:0.00001300000000000000
Epoch [75/300], Step [43/43], Train loss: 0.02103339797092808675, 1.00000000000000000000, Time: 00:02:19
Epoch 75	               LR:0.00001300000000000000
Epoch [76/300], Step [43/43], Train loss: 0.01829858340598918692, 1.00000000000000000000, Time: 00:02:20
Epoch 76	               LR:0.00001300000000000000
Epoch [77/300], Step [43/43], Train loss: 0.01817204543561846963, 1.00000000000000000000, Time: 00:02:21
Epoch 77	               LR:0.00001300000000000000
Epoch [78/300], Step [43/43], Train loss: 0.01693316429163570919, 1.00000000000000000000, Time: 00:02:22
Epoch 78	               LR:0.00001300000000000000
Epoch [79/300], Step [43/43], Train loss: 0.01723534579906198586, 1.00000000000000000000, Time: 00:02:22
Epoch 79	               LR:0.00001300000000000000
Epoch [80/300], Step [43/43], Train loss: 0.01790362696266836751, 1.00000000000000000000, Time: 00:02:23
Epoch 80	               LR:0.00001300000000000000
Epoch [81/300], Step [43/43], Train loss: 0.01606064461913235888, 1.00000000000000000000, Time: 00:02:24
Epoch 81	               LR:0.00001300000000000000
Epoch [82/300], Step [43/43], Train loss: 0.01475753527548578047, 1.00000000000000000000, Time: 00:02:25
Epoch 82	               LR:0.00001300000000000000
Epoch [83/300], Step [43/43], Train loss: 0.01572133110077292978, 1.00000000000000000000, Time: 00:02:25
Epoch 83	               LR:0.00001300000000000000
Epoch [84/300], Step [43/43], Train loss: 0.01471267090075545868, 1.00000000000000000000, Time: 00:02:27
Epoch 84	               LR:0.00001300000000000000
Epoch [85/300], Step [43/43], Train loss: 0.01431629841802296854, 1.00000000000000000000, Time: 00:02:28
Epoch 85	               LR:0.00001300000000000000
Epoch [86/300], Step [43/43], Train loss: 0.01420635502647470474, 1.00000000000000000000, Time: 00:02:29
Epoch 86	               LR:0.00001300000000000000
Epoch [87/300], Step [43/43], Train loss: 0.01355772541559956655, 1.00000000000000000000, Time: 00:02:30
Epoch 87	               LR:0.00001300000000000000
Epoch [88/300], Step [43/43], Train loss: 0.01286674017845480453, 1.00000000000000000000, Time: 00:02:31
Epoch 88	               LR:0.00001300000000000000
Epoch [89/300], Step [43/43], Train loss: 0.01216803095958850917, 1.00000000000000000000, Time: 00:02:32
Epoch 89	               LR:0.00001300000000000000
Epoch [90/300], Step [43/43], Train loss: 0.01244924107635462726, 1.00000000000000000000, Time: 00:02:33
Epoch 90	               LR:0.00001300000000000000
Epoch [91/300], Step [43/43], Train loss: 0.01254054758559774475, 1.00000000000000000000, Time: 00:02:33
Epoch 91	               LR:0.00001300000000000000
Epoch [92/300], Step [43/43], Train loss: 0.01208970619607026981, 1.00000000000000000000, Time: 00:02:34
Epoch 92	               LR:0.00001300000000000000
Epoch [93/300], Step [43/43], Train loss: 0.01102037684509047689, 1.00000000000000000000, Time: 00:02:35
Epoch 93	               LR:0.00001300000000000000
Epoch [94/300], Step [43/43], Train loss: 0.01102024796936247088, 1.00000000000000000000, Time: 00:02:36
Epoch 94	               LR:0.00001300000000000000
Epoch [95/300], Step [43/43], Train loss: 0.02785793028357956211, 0.99703703703703705497, Time: 00:02:37
Epoch 95	               LR:0.00001300000000000000
Epoch [96/300], Step [43/43], Train loss: 0.01164599596212307665, 1.00000000000000000000, Time: 00:02:37
Epoch 96	               LR:0.00001300000000000000
Epoch [97/300], Step [43/43], Train loss: 0.01096222378313541426, 0.99851851851851847197, Time: 00:02:38
Epoch 97	               LR:0.00001300000000000000
Epoch [98/300], Step [43/43], Train loss: 0.00988099542791368718, 1.00000000000000000000, Time: 00:02:39
Epoch 98	               LR:0.00001300000000000000
Epoch [99/300], Step [43/43], Train loss: 0.00884395922016766381, 1.00000000000000000000, Time: 00:02:40
Epoch 99	               LR:0.00001300000000000000
Epoch [100/300], Step [43/43], Train loss: 0.00887936163831640202, 1.00000000000000000000, Time: 00:02:41
Epoch 100	               LR:0.00001300000000000000
Epoch [101/300], Step [43/43], Train loss: 0.00853824182206557904, 1.00000000000000000000, Time: 00:02:42
Epoch 101	               LR:0.00001300000000000000
Epoch [102/300], Step [43/43], Train loss: 0.00809768263388563163, 1.00000000000000000000, Time: 00:02:43
Epoch 102	               LR:0.00001191250938133746
Epoch [103/300], Step [43/43], Train loss: 0.00848012861830216812, 1.00000000000000000000, Time: 00:02:44
Epoch 103	               LR:0.00001191250938133746
Epoch [104/300], Step [43/43], Train loss: 0.00808444730937480857, 1.00000000000000000000, Time: 00:02:45
Epoch 104	               LR:0.00001191250938133746
Epoch [105/300], Step [43/43], Train loss: 0.00760227910622402435, 1.00000000000000000000, Time: 00:02:46
Epoch 105	               LR:0.00001191250938133746
Epoch [106/300], Step [43/43], Train loss: 0.00772235243960663151, 1.00000000000000000000, Time: 00:02:46
Epoch 106	               LR:0.00001191250938133746
Epoch [107/300], Step [43/43], Train loss: 0.00733327342473246400, 1.00000000000000000000, Time: 00:02:48
Epoch 107	               LR:0.00001191250938133746
Epoch [108/300], Step [43/43], Train loss: 0.00783922740741184454, 1.00000000000000000000, Time: 00:02:48
Epoch 108	               LR:0.00001191250938133746
Epoch [109/300], Step [43/43], Train loss: 0.00684340263958330489, 1.00000000000000000000, Time: 00:02:50
Epoch 109	               LR:0.00001191250938133746
Epoch [110/300], Step [43/43], Train loss: 0.00687656809886296599, 1.00000000000000000000, Time: 00:02:50
Epoch 110	               LR:0.00001191250938133746
Epoch [111/300], Step [43/43], Train loss: 0.00670087923330289336, 1.00000000000000000000, Time: 00:02:52
Epoch 111	               LR:0.00001191250938133746
Epoch [112/300], Step [43/43], Train loss: 0.00653621454343751660, 1.00000000000000000000, Time: 00:02:53
Epoch 112	               LR:0.00001191250938133746
Epoch [113/300], Step [43/43], Train loss: 0.00645700517778836740, 1.00000000000000000000, Time: 00:02:54
Epoch 113	               LR:0.00001191250938133746
Epoch [114/300], Step [43/43], Train loss: 0.00602993760947827945, 1.00000000000000000000, Time: 00:02:55
Epoch 114	               LR:0.00001191250938133746
Epoch [115/300], Step [43/43], Train loss: 0.00617395058041438419, 1.00000000000000000000, Time: 00:02:56
Epoch 115	               LR:0.00001191250938133746
Epoch [116/300], Step [43/43], Train loss: 0.00564281694625538843, 1.00000000000000000000, Time: 00:02:57
Epoch 116	               LR:0.00001191250938133746
Epoch [117/300], Step [43/43], Train loss: 0.00587371071869576423, 1.00000000000000000000, Time: 00:02:57
Epoch 117	               LR:0.00001191250938133746
Epoch [118/300], Step [43/43], Train loss: 0.00598216036887606623, 1.00000000000000000000, Time: 00:02:58
Epoch 118	               LR:0.00001191250938133746
Epoch [119/300], Step [43/43], Train loss: 0.00571308206628870063, 1.00000000000000000000, Time: 00:02:58
Epoch 119	               LR:0.00001191250938133746
Epoch [120/300], Step [43/43], Train loss: 0.00528918052092194543, 1.00000000000000000000, Time: 00:03:00
Epoch 120	               LR:0.00001191250938133746
Epoch [121/300], Step [43/43], Train loss: 0.00557576825540443809, 1.00000000000000000000, Time: 00:03:00
Epoch 121	               LR:0.00001191250938133746
Epoch [122/300], Step [43/43], Train loss: 0.00505361507767466446, 1.00000000000000000000, Time: 00:03:02
Epoch 122	               LR:0.00001191250938133746
Epoch [123/300], Step [43/43], Train loss: 0.00519660626710565041, 1.00000000000000000000, Time: 00:03:02
Epoch 123	               LR:0.00001191250938133746
Epoch [124/300], Step [43/43], Train loss: 0.00486993679052425722, 1.00000000000000000000, Time: 00:03:04
Epoch 124	               LR:0.00001191250938133746
Epoch [125/300], Step [43/43], Train loss: 0.00467504542510680573, 1.00000000000000000000, Time: 00:03:05
Epoch 125	               LR:0.00001191250938133746
Epoch [126/300], Step [43/43], Train loss: 0.00480825182386777471, 1.00000000000000000000, Time: 00:03:05
Epoch 126	               LR:0.00001191250938133746
Epoch [127/300], Step [43/43], Train loss: 0.00468541476875543577, 1.00000000000000000000, Time: 00:03:05
Epoch 127	               LR:0.00001191250938133746
Epoch [128/300], Step [43/43], Train loss: 0.00432792733319931587, 1.00000000000000000000, Time: 00:03:07
Epoch 128	               LR:0.00001191250938133746
Epoch [129/300], Step [43/43], Train loss: 0.00454707885988884543, 1.00000000000000000000, Time: 00:03:08
Epoch 129	               LR:0.00001191250938133746
Epoch [130/300], Step [43/43], Train loss: 0.00447902457184951638, 1.00000000000000000000, Time: 00:03:08
Epoch 130	               LR:0.00001191250938133746
Epoch [131/300], Step [43/43], Train loss: 0.00418512309797936053, 1.00000000000000000000, Time: 00:03:09
Epoch 131	               LR:0.00001191250938133746
Epoch [132/300], Step [43/43], Train loss: 0.00403203375465064143, 1.00000000000000000000, Time: 00:03:10
Epoch 132	               LR:0.00001191250938133746
Epoch [133/300], Step [43/43], Train loss: 0.00425012539037399831, 1.00000000000000000000, Time: 00:03:10
Epoch 133	               LR:0.00001191250938133746
Epoch [134/300], Step [43/43], Train loss: 0.00389981210576715275, 1.00000000000000000000, Time: 00:03:12
Epoch 134	               LR:0.00001191250938133746
Epoch [135/300], Step [43/43], Train loss: 0.00384974977363728831, 1.00000000000000000000, Time: 00:03:13
Epoch 135	               LR:0.00001191250938133746
Epoch [136/300], Step [43/43], Train loss: 0.00369538359068058170, 1.00000000000000000000, Time: 00:03:14
Epoch 136	               LR:0.00001191250938133746
Epoch [137/300], Step [43/43], Train loss: 0.00372670359995768037, 1.00000000000000000000, Time: 00:03:15
Epoch 137	               LR:0.00001191250938133746
Epoch [138/300], Step [43/43], Train loss: 0.00349497824148447406, 1.00000000000000000000, Time: 00:03:16
Epoch 138	               LR:0.00001191250938133746
Epoch [139/300], Step [43/43], Train loss: 0.00360801568047867862, 1.00000000000000000000, Time: 00:03:16
Epoch 139	               LR:0.00001191250938133746
Epoch [140/300], Step [43/43], Train loss: 0.00411168902284569232, 1.00000000000000000000, Time: 00:03:16
Epoch 140	               LR:0.00001191250938133746
Epoch [141/300], Step [43/43], Train loss: 0.00358196264272986863, 1.00000000000000000000, Time: 00:03:17
Epoch 141	               LR:0.00001191250938133746
Epoch [142/300], Step [43/43], Train loss: 0.00315917771897619368, 1.00000000000000000000, Time: 00:03:18
Epoch 142	               LR:0.00001191250938133746
Epoch [143/300], Step [43/43], Train loss: 0.00306462805476729510, 1.00000000000000000000, Time: 00:03:19
Epoch 143	               LR:0.00001191250938133746
Epoch [144/300], Step [43/43], Train loss: 0.00291073369034738471, 1.00000000000000000000, Time: 00:03:20
Epoch 144	               LR:0.00001191250938133746
Epoch [145/300], Step [43/43], Train loss: 0.00301833685504755483, 1.00000000000000000000, Time: 00:03:21
Epoch 145	               LR:0.00001191250938133746
Epoch [146/300], Step [43/43], Train loss: 0.00292104338709678899, 1.00000000000000000000, Time: 00:03:21
Epoch 146	               LR:0.00001191250938133746
Epoch [147/300], Step [43/43], Train loss: 0.00286697877588233457, 1.00000000000000000000, Time: 00:03:23
Epoch 147	               LR:0.00001191250938133746
Epoch [148/300], Step [43/43], Train loss: 0.00267854549646101602, 1.00000000000000000000, Time: 00:03:24
Epoch 148	               LR:0.00001191250938133746
Epoch [149/300], Step [43/43], Train loss: 0.00279046109101424621, 1.00000000000000000000, Time: 00:03:24
Epoch 149	               LR:0.00001191250938133746
Epoch [150/300], Step [43/43], Train loss: 0.00254671227945773692, 1.00000000000000000000, Time: 00:03:25
Epoch 150	               LR:0.00001191250938133746
Epoch [151/300], Step [43/43], Train loss: 0.00263162607715154706, 1.00000000000000000000, Time: 00:03:25
Epoch 151	               LR:0.00001191250938133746
Epoch [152/300], Step [43/43], Train loss: 0.00258225638367649574, 1.00000000000000000000, Time: 00:03:26
Epoch 152	               LR:0.00001191250938133746
Epoch [153/300], Step [43/43], Train loss: 0.00247800184965685580, 1.00000000000000000000, Time: 00:03:27
Epoch 153	               LR:0.00001191250938133746
Epoch [154/300], Step [43/43], Train loss: 0.00252394888825990555, 1.00000000000000000000, Time: 00:03:27
Epoch 154	               LR:0.00001191250938133746
Epoch [155/300], Step [43/43], Train loss: 0.00253983939963358437, 1.00000000000000000000, Time: 00:03:28
Epoch 155	               LR:0.00001191250938133746
Epoch [156/300], Step [43/43], Train loss: 0.00265303950143451961, 1.00000000000000000000, Time: 00:03:28
Epoch 156	               LR:0.00001191250938133746
Epoch [157/300], Step [43/43], Train loss: 0.00229966243935955878, 1.00000000000000000000, Time: 00:03:30
Epoch 157	               LR:0.00001191250938133746
Epoch [158/300], Step [43/43], Train loss: 0.00216130690065997281, 1.00000000000000000000, Time: 00:03:31
Epoch 158	               LR:0.00001191250938133746
Epoch [159/300], Step [43/43], Train loss: 0.00219429065283663826, 1.00000000000000000000, Time: 00:03:31
Epoch 159	               LR:0.00001191250938133746
Epoch [160/300], Step [43/43], Train loss: 0.00215158722225438671, 1.00000000000000000000, Time: 00:03:32
Epoch 160	               LR:0.00001191250938133746
Epoch [161/300], Step [43/43], Train loss: 0.00204773082165047530, 1.00000000000000000000, Time: 00:03:34
Epoch 161	               LR:0.00001191250938133746
Epoch [162/300], Step [43/43], Train loss: 0.00195881714320017249, 1.00000000000000000000, Time: 00:03:35
Epoch 162	               LR:0.00001191250938133746
Epoch [163/300], Step [43/43], Train loss: 0.00193257377431210547, 1.00000000000000000000, Time: 00:03:36
Epoch 163	               LR:0.00001191250938133746
Epoch [164/300], Step [43/43], Train loss: 0.00193096488084713055, 1.00000000000000000000, Time: 00:03:37
Epoch 164	               LR:0.00001191250938133746
Epoch [165/300], Step [43/43], Train loss: 0.00192369524164220170, 1.00000000000000000000, Time: 00:03:38
Epoch 165	               LR:0.00001191250938133746
Epoch [166/300], Step [43/43], Train loss: 0.00199884500406268591, 1.00000000000000000000, Time: 00:03:38
Epoch 166	               LR:0.00001191250938133746
Epoch [167/300], Step [43/43], Train loss: 0.00186821432568615793, 1.00000000000000000000, Time: 00:03:40
Epoch 167	               LR:0.00001191250938133746
Epoch [168/300], Step [43/43], Train loss: 0.00185332123078060925, 1.00000000000000000000, Time: 00:03:41
Epoch 168	               LR:0.00001191250938133746
Epoch [169/300], Step [43/43], Train loss: 0.00180256402499421871, 1.00000000000000000000, Time: 00:03:43
Epoch 169	               LR:0.00001191250938133746
Epoch [170/300], Step [43/43], Train loss: 0.00168685177651544402, 1.00000000000000000000, Time: 00:03:44
Epoch 170	               LR:0.00001191250938133746
Epoch [171/300], Step [43/43], Train loss: 0.00172410431818139764, 1.00000000000000000000, Time: 00:03:44
Epoch 171	               LR:0.00001191250938133746
Epoch [172/300], Step [43/43], Train loss: 0.00168252783448055937, 1.00000000000000000000, Time: 00:03:45
Epoch 172	               LR:0.00001191250938133746
Epoch [173/300], Step [43/43], Train loss: 0.00166038901993521945, 1.00000000000000000000, Time: 00:03:46
Epoch 173	               LR:0.00001191250938133746
Epoch [174/300], Step [43/43], Train loss: 0.00167080587431512489, 1.00000000000000000000, Time: 00:03:47
Epoch 174	               LR:0.00001191250938133746
Epoch [175/300], Step [43/43], Train loss: 0.00147850518114864835, 1.00000000000000000000, Time: 00:03:48
Epoch 175	               LR:0.00001191250938133746
Epoch [176/300], Step [43/43], Train loss: 0.00147158355469367017, 1.00000000000000000000, Time: 00:03:49
Epoch 176	               LR:0.00001191250938133746
Epoch [177/300], Step [43/43], Train loss: 0.00139202028435344498, 1.00000000000000000000, Time: 00:03:50
Epoch 177	               LR:0.00001191250938133746
Epoch [178/300], Step [43/43], Train loss: 0.00133232443783156307, 1.00000000000000000000, Time: 00:03:51
Epoch 178	               LR:0.00001191250938133746
Epoch [179/300], Step [43/43], Train loss: 0.00129814359143859263, 1.00000000000000000000, Time: 00:03:52
Epoch 179	               LR:0.00001191250938133746
Epoch [180/300], Step [43/43], Train loss: 0.00140495983663842900, 1.00000000000000000000, Time: 00:03:52
Epoch 180	               LR:0.00001191250938133746
Epoch [181/300], Step [43/43], Train loss: 0.00132364847697317599, 1.00000000000000000000, Time: 00:03:53
Epoch 181	               LR:0.00001191250938133746
Epoch [182/300], Step [43/43], Train loss: 0.00128505025507399321, 1.00000000000000000000, Time: 00:03:54
Epoch 182	               LR:0.00001191250938133746
Epoch [183/300], Step [43/43], Train loss: 0.00125476455729868681, 1.00000000000000000000, Time: 00:03:55
Epoch 183	               LR:0.00001191250938133746
Epoch [184/300], Step [43/43], Train loss: 0.00125255559191659650, 1.00000000000000000000, Time: 00:03:56
Epoch 184	               LR:0.00001191250938133746
Epoch [185/300], Step [43/43], Train loss: 0.00112736578996258750, 1.00000000000000000000, Time: 00:03:57
Epoch 185	               LR:0.00001191250938133746
Epoch [186/300], Step [43/43], Train loss: 0.00156856861016152569, 1.00000000000000000000, Time: 00:03:58
Epoch 186	               LR:0.00001191250938133746
Epoch [187/300], Step [43/43], Train loss: 0.00123600298038649328, 1.00000000000000000000, Time: 00:03:58
Epoch 187	               LR:0.00001191250938133746
Epoch [188/300], Step [43/43], Train loss: 0.00104470554885833914, 1.00000000000000000000, Time: 00:03:59
Epoch 188	               LR:0.00001191250938133746
Epoch [189/300], Step [43/43], Train loss: 0.00112367064519612874, 1.00000000000000000000, Time: 00:04:00
Epoch 189	               LR:0.00001191250938133746
Epoch [190/300], Step [43/43], Train loss: 0.00107044003558931533, 1.00000000000000000000, Time: 00:04:00
Epoch 190	               LR:0.00001191250938133746
Epoch [191/300], Step [43/43], Train loss: 0.00106769583498438200, 1.00000000000000000000, Time: 00:04:00
Epoch 191	               LR:0.00001191250938133746
Epoch [192/300], Step [43/43], Train loss: 0.00099379028050289309, 1.00000000000000000000, Time: 00:04:02
Epoch 192	               LR:0.00001191250938133746
Epoch [193/300], Step [43/43], Train loss: 0.00095418226952595562, 1.00000000000000000000, Time: 00:04:03
Epoch 193	               LR:0.00001191250938133746
Epoch [194/300], Step [43/43], Train loss: 0.00093335888700730042, 1.00000000000000000000, Time: 00:04:04
Epoch 194	               LR:0.00001191250938133746
Epoch [195/300], Step [43/43], Train loss: 0.00088412687380763665, 1.00000000000000000000, Time: 00:04:05
Epoch 195	               LR:0.00001191250938133746
Epoch [196/300], Step [43/43], Train loss: 0.00089613723258177434, 1.00000000000000000000, Time: 00:04:06
Epoch 196	               LR:0.00001191250938133746
Epoch [197/300], Step [43/43], Train loss: 0.00088695416261476499, 1.00000000000000000000, Time: 00:04:06
Epoch 197	               LR:0.00001191250938133746
Epoch [198/300], Step [43/43], Train loss: 0.00097821561688626250, 1.00000000000000000000, Time: 00:04:07
Epoch 198	               LR:0.00001191250938133746
Epoch [199/300], Step [43/43], Train loss: 0.00086450686057408651, 1.00000000000000000000, Time: 00:04:08
Epoch 199	               LR:0.00001191250938133746
Epoch [200/300], Step [43/43], Train loss: 0.00084454709284559446, 1.00000000000000000000, Time: 00:04:09
Epoch 200	               LR:0.00001191250938133746
Epoch [201/300], Step [43/43], Train loss: 0.00078873745389972571, 1.00000000000000000000, Time: 00:04:10
Epoch 201	               LR:0.00001191250938133746
Epoch [202/300], Step [43/43], Train loss: 0.00075434152752643937, 1.00000000000000000000, Time: 00:04:11
Epoch 202	               LR:0.00001094328234724282
Epoch [203/300], Step [43/43], Train loss: 0.00073861164144343799, 1.00000000000000000000, Time: 00:04:13
Epoch 203	               LR:0.00001094328234724282
Epoch [204/300], Step [43/43], Train loss: 0.00076547086898547903, 1.00000000000000000000, Time: 00:04:13
Epoch 204	               LR:0.00001094328234724282
Epoch [205/300], Step [43/43], Train loss: 0.00073952838537041791, 1.00000000000000000000, Time: 00:04:14
Epoch 205	               LR:0.00001094328234724282
Epoch [206/300], Step [43/43], Train loss: 0.00072412018819401666, 1.00000000000000000000, Time: 00:04:15
Epoch 206	               LR:0.00001094328234724282
Epoch [207/300], Step [43/43], Train loss: 0.00070529855770507346, 1.00000000000000000000, Time: 00:04:17
Epoch 207	               LR:0.00001094328234724282
Epoch [208/300], Step [43/43], Train loss: 0.00067252509209706824, 1.00000000000000000000, Time: 00:04:18
Epoch 208	               LR:0.00001094328234724282
Epoch [209/300], Step [43/43], Train loss: 0.00071066971092174447, 1.00000000000000000000, Time: 00:04:19
Epoch 209	               LR:0.00001094328234724282
Epoch [210/300], Step [43/43], Train loss: 0.00067278397997681707, 1.00000000000000000000, Time: 00:04:19
Epoch 210	               LR:0.00001094328234724282
Epoch [211/300], Step [43/43], Train loss: 0.00067097182607674902, 1.00000000000000000000, Time: 00:04:20
Epoch 211	               LR:0.00001094328234724282
Epoch [212/300], Step [43/43], Train loss: 0.00065424813992447323, 1.00000000000000000000, Time: 00:04:21
Epoch 212	               LR:0.00001094328234724282
Epoch [213/300], Step [43/43], Train loss: 0.00067999720150880791, 1.00000000000000000000, Time: 00:04:22
Epoch 213	               LR:0.00001094328234724282
Epoch [214/300], Step [43/43], Train loss: 0.00064024443770500103, 1.00000000000000000000, Time: 00:04:23
Epoch 214	               LR:0.00001094328234724282
Epoch [215/300], Step [43/43], Train loss: 0.00057703940792769705, 1.00000000000000000000, Time: 00:04:24
Epoch 215	               LR:0.00001094328234724282
Epoch [216/300], Step [43/43], Train loss: 0.00059327384992179251, 1.00000000000000000000, Time: 00:04:24
Epoch 216	               LR:0.00001094328234724282
Epoch [217/300], Step [43/43], Train loss: 0.00056672399760120443, 1.00000000000000000000, Time: 00:04:25
Epoch 217	               LR:0.00001094328234724282
Epoch [218/300], Step [43/43], Train loss: 0.00057663086396469564, 1.00000000000000000000, Time: 00:04:26
Epoch 218	               LR:0.00001094328234724282
Epoch [219/300], Step [43/43], Train loss: 0.00055257016051284689, 1.00000000000000000000, Time: 00:04:27
Epoch 219	               LR:0.00001094328234724282
Epoch [220/300], Step [43/43], Train loss: 0.00053369528407024014, 1.00000000000000000000, Time: 00:04:28
Epoch 220	               LR:0.00001094328234724282
Epoch [221/300], Step [43/43], Train loss: 0.00060298210574762415, 1.00000000000000000000, Time: 00:04:28
Epoch 221	               LR:0.00001094328234724282
Epoch [222/300], Step [43/43], Train loss: 0.00050997013198125557, 1.00000000000000000000, Time: 00:04:29
Epoch 222	               LR:0.00001094328234724282
Epoch [223/300], Step [43/43], Train loss: 0.00051054135672058221, 1.00000000000000000000, Time: 00:04:30
Epoch 223	               LR:0.00001094328234724282
Epoch [224/300], Step [43/43], Train loss: 0.00051295704199691059, 1.00000000000000000000, Time: 00:04:30
Epoch 224	               LR:0.00001094328234724282
Epoch [225/300], Step [43/43], Train loss: 0.00047468530688396033, 1.00000000000000000000, Time: 00:04:31
Epoch 225	               LR:0.00001094328234724282
Epoch [226/300], Step [43/43], Train loss: 0.00046249262886973423, 1.00000000000000000000, Time: 00:04:33
Epoch 226	               LR:0.00001094328234724282
Epoch [227/300], Step [43/43], Train loss: 0.00046056411102957405, 1.00000000000000000000, Time: 00:04:34
Epoch 227	               LR:0.00001094328234724282
Epoch [228/300], Step [43/43], Train loss: 0.00046125909365299676, 1.00000000000000000000, Time: 00:04:35
Epoch 228	               LR:0.00001094328234724282
Epoch [229/300], Step [43/43], Train loss: 0.00045607317497746810, 1.00000000000000000000, Time: 00:04:36
Epoch 229	               LR:0.00001094328234724282
Epoch [230/300], Step [43/43], Train loss: 0.00044661446666362248, 1.00000000000000000000, Time: 00:04:37
Epoch 230	               LR:0.00001094328234724282
Epoch [231/300], Step [43/43], Train loss: 0.00040736386824088793, 1.00000000000000000000, Time: 00:04:38
Epoch 231	               LR:0.00001094328234724282
Epoch [232/300], Step [43/43], Train loss: 0.00040409568093579125, 1.00000000000000000000, Time: 00:04:40
Epoch 232	               LR:0.00001094328234724282
Epoch [233/300], Step [43/43], Train loss: 0.00042194792935064201, 1.00000000000000000000, Time: 00:04:41
Epoch 233	               LR:0.00001094328234724282
Epoch [234/300], Step [43/43], Train loss: 0.00041720216740267699, 1.00000000000000000000, Time: 00:04:41
Epoch 234	               LR:0.00001094328234724282
Epoch [235/300], Step [43/43], Train loss: 0.00040350610381682160, 1.00000000000000000000, Time: 00:04:42
Epoch 235	               LR:0.00001094328234724282
Epoch [236/300], Step [43/43], Train loss: 0.00044374562910956295, 1.00000000000000000000, Time: 00:04:42
Epoch 236	               LR:0.00001094328234724282
Epoch [237/300], Step [43/43], Train loss: 0.00041357735372339784, 1.00000000000000000000, Time: 00:04:43
Epoch 237	               LR:0.00001094328234724282
Epoch [238/300], Step [43/43], Train loss: 0.00038374277021459958, 1.00000000000000000000, Time: 00:04:45
Epoch 238	               LR:0.00001094328234724282
Epoch [239/300], Step [43/43], Train loss: 0.00051884015159750431, 1.00000000000000000000, Time: 00:04:45
Epoch 239	               LR:0.00001094328234724282
Epoch [240/300], Step [43/43], Train loss: 0.00042804278825685660, 1.00000000000000000000, Time: 00:04:45
Epoch 240	               LR:0.00001094328234724282
Epoch [241/300], Step [43/43], Train loss: 0.00035343511318960399, 1.00000000000000000000, Time: 00:04:47
Epoch 241	               LR:0.00001094328234724282
Epoch [242/300], Step [43/43], Train loss: 0.00033999786410411750, 1.00000000000000000000, Time: 00:04:47
Epoch 242	               LR:0.00001094328234724282
Epoch [243/300], Step [43/43], Train loss: 0.00032440542808250970, 1.00000000000000000000, Time: 00:04:49
Epoch 243	               LR:0.00001094328234724282
Epoch [244/300], Step [43/43], Train loss: 0.00030862617220177692, 1.00000000000000000000, Time: 00:04:50
Epoch 244	               LR:0.00001094328234724282
Epoch [245/300], Step [43/43], Train loss: 0.00031813472537410066, 1.00000000000000000000, Time: 00:04:50
Epoch 245	               LR:0.00001094328234724282
Epoch [246/300], Step [43/43], Train loss: 0.00029835302772914511, 1.00000000000000000000, Time: 00:04:52
Epoch 246	               LR:0.00001094328234724282
Epoch [247/300], Step [43/43], Train loss: 0.00030282577516993990, 1.00000000000000000000, Time: 00:04:52
Epoch 247	               LR:0.00001094328234724282
Epoch [248/300], Step [43/43], Train loss: 0.00028997845227692141, 1.00000000000000000000, Time: 00:04:54
Epoch 248	               LR:0.00001094328234724282
Epoch [249/300], Step [43/43], Train loss: 0.00027263859607046470, 1.00000000000000000000, Time: 00:04:55
Epoch 249	               LR:0.00001094328234724282
Epoch [250/300], Step [43/43], Train loss: 0.00028540654969186075, 1.00000000000000000000, Time: 00:04:55
Epoch 250	               LR:0.00001094328234724282
Epoch [251/300], Step [43/43], Train loss: 0.00027126849258180571, 1.00000000000000000000, Time: 00:04:57
Epoch 251	               LR:0.00001094328234724282
Epoch [252/300], Step [43/43], Train loss: 0.00025956214105934592, 1.00000000000000000000, Time: 00:04:58
Epoch 252	               LR:0.00001094328234724282
Epoch [253/300], Step [43/43], Train loss: 0.00024749281185601528, 1.00000000000000000000, Time: 00:04:59
Epoch 253	               LR:0.00001094328234724282
Epoch [254/300], Step [43/43], Train loss: 0.00025563335606690357, 1.00000000000000000000, Time: 00:05:00
Epoch 254	               LR:0.00001094328234724282
Epoch [255/300], Step [43/43], Train loss: 0.00024435092858901179, 1.00000000000000000000, Time: 00:05:01
Epoch 255	               LR:0.00001094328234724282
Epoch [256/300], Step [43/43], Train loss: 0.00026021054567536338, 1.00000000000000000000, Time: 00:05:02
Epoch 256	               LR:0.00001094328234724282
Epoch [257/300], Step [43/43], Train loss: 0.00023704974528367597, 1.00000000000000000000, Time: 00:05:03
Epoch 257	               LR:0.00001094328234724282
Epoch [258/300], Step [43/43], Train loss: 0.00023983630571617847, 1.00000000000000000000, Time: 00:05:04
Epoch 258	               LR:0.00001094328234724282
Epoch [259/300], Step [43/43], Train loss: 0.00022922383763620424, 1.00000000000000000000, Time: 00:05:05
Epoch 259	               LR:0.00001094328234724282
Epoch [260/300], Step [43/43], Train loss: 0.00023141235414961422, 1.00000000000000000000, Time: 00:05:05
Epoch 260	               LR:0.00001094328234724282
Epoch [261/300], Step [43/43], Train loss: 0.00021214714481309919, 1.00000000000000000000, Time: 00:05:07
Epoch 261	               LR:0.00001094328234724282
Epoch [262/300], Step [43/43], Train loss: 0.00021106775681902138, 1.00000000000000000000, Time: 00:05:08
Epoch 262	               LR:0.00001094328234724282
Epoch [263/300], Step [43/43], Train loss: 0.00034804818355715488, 1.00000000000000000000, Time: 00:05:08
Epoch 263	               LR:0.00001094328234724282
Epoch [264/300], Step [43/43], Train loss: 0.06032937700299684236, 0.98074074074074069074, Time: 00:05:09
Epoch 264	               LR:0.00001094328234724282
Epoch [265/300], Step [43/43], Train loss: 0.16111827226424657589, 0.95111111111111112937, Time: 00:05:09
Epoch 265	               LR:0.00001094328234724282
Epoch [266/300], Step [43/43], Train loss: 0.00539429252160146099, 0.99851851851851847197, Time: 00:05:10
Epoch 266	               LR:0.00001094328234724282
Epoch [267/300], Step [43/43], Train loss: 0.00083370682559217571, 1.00000000000000000000, Time: 00:05:10
Epoch 267	               LR:0.00001094328234724282
Epoch [268/300], Step [43/43], Train loss: 0.00056926089614905691, 1.00000000000000000000, Time: 00:05:10
Epoch 268	               LR:0.00001094328234724282
Epoch [269/300], Step [43/43], Train loss: 0.00053607236878532505, 1.00000000000000000000, Time: 00:05:11
Epoch 269	               LR:0.00001094328234724282
Epoch [270/300], Step [43/43], Train loss: 0.00049743216503109710, 1.00000000000000000000, Time: 00:05:11
Epoch 270	               LR:0.00001094328234724282
Epoch [271/300], Step [43/43], Train loss: 0.00047965114367090996, 1.00000000000000000000, Time: 00:05:12
Epoch 271	               LR:0.00001094328234724282
Epoch [272/300], Step [43/43], Train loss: 0.00045912200132281416, 1.00000000000000000000, Time: 00:05:12
Epoch 272	               LR:0.00001094328234724282
Epoch [273/300], Step [43/43], Train loss: 0.00044300299405154806, 1.00000000000000000000, Time: 00:05:12
Epoch 273	               LR:0.00001094328234724282
Epoch [274/300], Step [43/43], Train loss: 0.00042879394014124519, 1.00000000000000000000, Time: 00:05:13
Epoch 274	               LR:0.00001094328234724282
Epoch [275/300], Step [43/43], Train loss: 0.00041770143701729397, 1.00000000000000000000, Time: 00:05:13
Epoch 275	               LR:0.00001094328234724282
Epoch [276/300], Step [43/43], Train loss: 0.00040570202486210123, 1.00000000000000000000, Time: 00:05:13
Epoch 276	               LR:0.00001094328234724282
Epoch [277/300], Step [43/43], Train loss: 0.00039640833298175562, 1.00000000000000000000, Time: 00:05:14
Epoch 277	               LR:0.00001094328234724282
Epoch [278/300], Step [43/43], Train loss: 0.00038664379139879236, 1.00000000000000000000, Time: 00:05:14
Epoch 278	               LR:0.00001094328234724282
Epoch [279/300], Step [43/43], Train loss: 0.00037602313328534366, 1.00000000000000000000, Time: 00:05:15
Epoch 279	               LR:0.00001094328234724282
Epoch [280/300], Step [43/43], Train loss: 0.00037164461340311120, 1.00000000000000000000, Time: 00:05:15
Epoch 280	               LR:0.00001094328234724282
Epoch [281/300], Step [43/43], Train loss: 0.00035978119167137061, 1.00000000000000000000, Time: 00:05:15
Epoch 281	               LR:0.00001094328234724282
Epoch [282/300], Step [43/43], Train loss: 0.00035525830641509621, 1.00000000000000000000, Time: 00:05:16
Epoch 282	               LR:0.00001094328234724282
Epoch [283/300], Step [43/43], Train loss: 0.00034702495490718217, 1.00000000000000000000, Time: 00:05:16
Epoch 283	               LR:0.00001094328234724282
Epoch [284/300], Step [43/43], Train loss: 0.00033839925284997595, 1.00000000000000000000, Time: 00:05:17
Epoch 284	               LR:0.00001094328234724282
Epoch [285/300], Step [43/43], Train loss: 0.00033217471724061328, 1.00000000000000000000, Time: 00:05:17
Epoch 285	               LR:0.00001094328234724282
Epoch [286/300], Step [43/43], Train loss: 0.00032661163278303488, 1.00000000000000000000, Time: 00:05:17
Epoch 286	               LR:0.00001094328234724282
Epoch [287/300], Step [43/43], Train loss: 0.00032084816662568806, 1.00000000000000000000, Time: 00:05:18
Epoch 287	               LR:0.00001094328234724282
Epoch [288/300], Step [43/43], Train loss: 0.00031357875568641314, 1.00000000000000000000, Time: 00:05:18
Epoch 288	               LR:0.00001094328234724282
Epoch [289/300], Step [43/43], Train loss: 0.00030735682515013551, 1.00000000000000000000, Time: 00:05:19
Epoch 289	               LR:0.00001094328234724282
Epoch [290/300], Step [43/43], Train loss: 0.00029943156392417018, 1.00000000000000000000, Time: 00:05:19
Epoch 290	               LR:0.00001094328234724282
Epoch [291/300], Step [43/43], Train loss: 0.00029567241339531459, 1.00000000000000000000, Time: 00:05:19
Epoch 291	               LR:0.00001094328234724282
Epoch [292/300], Step [43/43], Train loss: 0.00028831447133496923, 1.00000000000000000000, Time: 00:05:20
Epoch 292	               LR:0.00001094328234724282
Epoch [293/300], Step [43/43], Train loss: 0.00028353858411450075, 1.00000000000000000000, Time: 00:05:20
Epoch 293	               LR:0.00001094328234724282
Epoch [294/300], Step [43/43], Train loss: 0.00028076250801354442, 1.00000000000000000000, Time: 00:05:20
Epoch 294	               LR:0.00001094328234724282
Epoch [295/300], Step [43/43], Train loss: 0.00027537238623524362, 1.00000000000000000000, Time: 00:05:21
Epoch 295	               LR:0.00001094328234724282
Epoch [296/300], Step [43/43], Train loss: 0.00026825273584647757, 1.00000000000000000000, Time: 00:05:21
Epoch 296	               LR:0.00001094328234724282
Epoch [297/300], Step [43/43], Train loss: 0.00026286423098537381, 1.00000000000000000000, Time: 00:05:22
Epoch 297	               LR:0.00001094328234724282
Epoch [298/300], Step [43/43], Train loss: 0.00025993254294412005, 1.00000000000000000000, Time: 00:05:22
Epoch 298	               LR:0.00001094328234724282
Epoch [299/300], Step [43/43], Train loss: 0.00025454282493296045, 1.00000000000000000000, Time: 00:05:22
Epoch 299	               LR:0.00001094328234724282
Epoch [300/300], Step [43/43], Train loss: 0.00024936750538203073, 1.00000000000000000000, Time: 00:05:23
Epoch 300	               LR:0.00001094328234724282
Best Epoch [262/300], Lowest loss: 0.00021106775681902138, Highest accuracy: 1.00000000000000000000
Dimensions of class output rows:675 cols:12

==> Training Completed!

Time: 00:05:23
