
==> Input arguments...

Feature directory: ./clade_11_fna_train_kf
Clades information: ./train_tree/train_set.subtrees

==> Parameters...

GPU Support: No
Hidden Size fc1: 2048
Starting Epoch: 0
Total Epochs: 10
Batch Size: 16
Learning Rate: 1e-05
Learning Rate Min: 3e-06
Learning Rate Decay: 2000
Random Seed: 28
Masking: False

==> Preparing Data...

Dimensions of feature matrix rows: 675, cols: 8192
Number of Train Samples: 675

==> Building model...

Number of Classes: 8

==> Model parameters----------
Total parameters: 16795656
Trainable parameters: 16795656
Time: 00:02:21

==> Training model...

Epoch [1/10], Step [43/43], Train loss: 1.63606500219415740283, 0.44444444444444441977, Time: 00:02:41
Epoch 1	               LR:0.00001000000000000000
Epoch [2/10], Step [43/43], Train loss: 1.10470071015534587744, 0.65481481481481484952, Time: 00:02:59
Epoch 2	               LR:0.00001300000000000000
Epoch [3/10], Step [43/43], Train loss: 0.85535062913541437535, 0.74518518518518517268, Time: 00:03:18
Epoch 3	               LR:0.00001300000000000000
Epoch [4/10], Step [43/43], Train loss: 0.72973361721745244601, 0.78814814814814815325, Time: 00:03:36
Epoch 4	               LR:0.00001300000000000000
Epoch [5/10], Step [43/43], Train loss: 0.62812257775553947958, 0.83407407407407407884, Time: 00:03:55
Epoch 5	               LR:0.00001300000000000000
Epoch [6/10], Step [43/43], Train loss: 0.54920863808305175890, 0.86222222222222222321, Time: 00:04:18
Epoch 6	               LR:0.00001300000000000000
Epoch [7/10], Step [43/43], Train loss: 0.49819945821055661161, 0.86074074074074069518, Time: 00:04:42
Epoch 7	               LR:0.00001300000000000000
Epoch [8/10], Step [43/43], Train loss: 0.44849687682257760590, 0.89629629629629625764, Time: 00:05:03
Epoch 8	               LR:0.00001300000000000000
Epoch [9/10], Step [43/43], Train loss: 0.43139818120885775610, 0.88592592592592589451, Time: 00:05:24
Epoch 9	               LR:0.00001300000000000000
Epoch [10/10], Step [43/43], Train loss: 0.41176866204650314218, 0.90222222222222225874, Time: 00:05:43
Epoch 10	               LR:0.00001300000000000000
Best Epoch [10/10], Lowest loss: 0.41176866204650314218, Highest accuracy: 0.90222222222222225874
Dimensions of class output rows:675 cols:12

==> Training Completed!

Time: 00:05:44
